#
# A fatal error has been detected by the Java Runtime Environment:
#
#  EXCEPTION_ACCESS_VIOLATION (0xc0000005) at pc=0x0000000066bcbd0d, pid=2184, tid=0x0000000000004ae4
#
# JRE version: OpenJDK Runtime Environment (8.0_76-b03) (build 1.8.0_76-release-b03)
# Java VM: OpenJDK 64-Bit Server VM (25.76-b03 mixed mode windows-amd64 compressed oops)
# Problematic frame:
# C  [gdx-box2d64.dll+0xbd0d]
#
# Failed to write core dump. Minidumps are not enabled by default on client versions of Windows
#
# If you would like to submit a bug report, please visit:
#   http://bugreport.java.com/bugreport/crash.jsp
# The crash happened outside the Java Virtual Machine in native code.
# See problematic frame for where to report the bug.
#

---------------  T H R E A D  ---------------

Current thread (0x000000001acee800):  JavaThread "LWJGL Application" [_thread_in_native, id=19172, stack(0x000000001ba30000,0x000000001bb30000)]

siginfo: ExceptionCode=0xc0000005, reading address 0x000000021b69b200

Registers:
RAX=0x000000021b69b200, RBX=0x000000001b6818a0, RCX=0x000000001b681870, RDX=0x00000000000000b8
RSP=0x000000001bb2e4b0, RBP=0x0000000000000006, RSI=0x000000001b681870, RDI=0x000000001bb2e570
R8 =0x000000001b681870, R9 =0x0000000000000002, R10=0x0000000000000000, R11=0x0000000000000001
R12=0x0000000000000000, R13=0x00000000176cb968, R14=0x000000001bb2e760, R15=0x000000001acee800
RIP=0x0000000066bcbd0d, EFLAGS=0x0000000000010206

Top of Stack: (sp=0x000000001bb2e4b0)
0x000000001bb2e4b0:   00000000176cb968 000000001acee800
0x000000001bb2e4c0:   00000000551c6628 000000001ad874c0
0x000000001bb2e4d0:   0000000000000012 000000001b681870
0x000000001bb2e4e0:   0000000000001310 000000001bb2e570
0x000000001bb2e4f0:   000000001bb2e6b8 0000000000000000
0x000000001bb2e500:   00000000176cb968 0000000066be2483
0x000000001bb2e510:   000000001bb2e5b0 000000001bb2e5b0
0x000000001bb2e520:   0000000000000003 00000000176cb968
0x000000001bb2e530:   0000000000000001 0000000000001310
0x000000001bb2e540:   000000000004aa70 0000000066be8616
0x000000001bb2e550:   0000000000000000 000000000004aa70
0x000000001bb2e560:   000000001bb2e6b8 0000000002ae54d8
0x000000001bb2e570:   43a6aaab00000002 0000000042c80000
0x000000001bb2e580:   0000000000000000 0000000000000000
0x000000001bb2e590:   0000010100000000 000000001bb2e701
0x000000001bb2e5a0:   0000000000000000 000000003f800000 

Instructions: (pc=0x0000000066bcbd0d)
0x0000000066bcbced:   48 8d 05 6c a3 05 00 0f b6 1c 18 80 fb 0d 0f b6
0x0000000066bcbcfd:   eb 77 21 48 8d 1c de 48 8b 43 10 48 85 c0 74 3a
0x0000000066bcbd0d:   48 8b 10 48 89 53 10 48 83 c4 28 5b 5e 5f 5d 41
0x0000000066bcbd1d:   5c 41 5d c3 48 8d 15 18 9e 04 00 48 8d 0d 99 9e 


Register to memory mapping:

RAX=0x000000021b69b200 is an unknown value
RBX=0x000000001b6818a0 is an unknown value
RCX=0x000000001b681870 is an unknown value
RDX=0x00000000000000b8 is an unknown value
RSP=0x000000001bb2e4b0 is pointing into the stack for thread: 0x000000001acee800
RBP=0x0000000000000006 is an unknown value
RSI=0x000000001b681870 is an unknown value
RDI=0x000000001bb2e570 is pointing into the stack for thread: 0x000000001acee800
R8 =0x000000001b681870 is an unknown value
R9 =0x0000000000000002 is an unknown value
R10=0x0000000000000000 is an unknown value
R11=0x0000000000000001 is an unknown value
R12=0x0000000000000000 is an unknown value
R13={method} {0x00000000176cb970} 'jniCreateBody' '(JIFFFFFFFFZZZZZF)J' in 'com/badlogic/gdx/physics/box2d/World'
R14=0x000000001bb2e760 is pointing into the stack for thread: 0x000000001acee800
R15=0x000000001acee800 is a thread


Stack: [0x000000001ba30000,0x000000001bb30000],  sp=0x000000001bb2e4b0,  free space=1017k
Native frames: (J=compiled Java code, j=interpreted, Vv=VM code, C=native code)
C  [gdx-box2d64.dll+0xbd0d]
C  [gdx-box2d64.dll+0x22483]
C  [gdx-box2d64.dll+0x28616]
C  0x0000000002af5b74

Java frames: (J=compiled Java code, j=interpreted, Vv=VM code)
j  com.badlogic.gdx.physics.box2d.World.jniCreateBody(JIFFFFFFFFZZZZZF)J+0
j  com.badlogic.gdx.physics.box2d.World.createBody(Lcom/badlogic/gdx/physics/box2d/BodyDef;)Lcom/badlogic/gdx/physics/box2d/Body;+80
j  items.Flèches.createBody(FF)V+39
j  items.Flèches.<init>(Ljava/lang/String;IILcom/badlogic/gdx/graphics/Texture;)V+43
j  items.Flèches.déplacementInitialNonJoueur(Ljava/lang/String;FF)V+188
J 956 C1 characters.Squelette.attaque(Lcharacters/MainCharacter;)V (300 bytes) @ 0x0000000002eae424 [0x0000000002eac220+0x2204]
J 1011 C1 map.zoneGlace.GrotteF5Salle4.createBodyAndType(Lcom/badlogic/gdx/physics/box2d/World;)V (1421 bytes) @ 0x0000000002f51774 [0x0000000002f4c580+0x51f4]
J 1009 C1 map.zoneGlace.GestionDesMapsZoneGlace.affichageDeSousCarte(Lcom/mygdx/game/GameMain;)V (1917 bytes) @ 0x0000000002f45c74 [0x0000000002f41d40+0x3f34]
J 1019 C1 scenes.MainMenu.render(F)V (589 bytes) @ 0x0000000002f5b7d4 [0x0000000002f5a360+0x1474]
J 1017 C1 com.mygdx.game.GameMain.render()V (5 bytes) @ 0x0000000002ee3bdc [0x0000000002ee3a20+0x1bc]
j  com.badlogic.gdx.backends.lwjgl.LwjglApplication.mainLoop()V+698
j  com.badlogic.gdx.backends.lwjgl.LwjglApplication$1.run()V+27
v  ~StubRoutines::call_stub

---------------  P R O C E S S  ---------------

Java Threads: ( => current thread )
  0x000000001b032000 JavaThread "LWJGL Timer" daemon [_thread_blocked, id=17168, stack(0x0000000025400000,0x0000000025500000)]
  0x00000000029e2800 JavaThread "DestroyJavaVM" [_thread_blocked, id=9440, stack(0x00000000028e0000,0x00000000029e0000)]
=>0x000000001acee800 JavaThread "LWJGL Application" [_thread_in_native, id=19172, stack(0x000000001ba30000,0x000000001bb30000)]
  0x0000000019bca800 JavaThread "Monitor Ctrl-Break" daemon [_thread_in_native, id=16892, stack(0x000000001a730000,0x000000001a830000)]
  0x0000000019973800 JavaThread "Service Thread" daemon [_thread_blocked, id=10832, stack(0x000000001a530000,0x000000001a630000)]
  0x0000000019955800 JavaThread "C1 CompilerThread3" daemon [_thread_blocked, id=10924, stack(0x000000001a430000,0x000000001a530000)]
  0x0000000019951800 JavaThread "C2 CompilerThread2" daemon [_thread_blocked, id=7992, stack(0x000000001a330000,0x000000001a430000)]
  0x000000001994b800 JavaThread "C2 CompilerThread1" daemon [_thread_blocked, id=12712, stack(0x000000001a230000,0x000000001a330000)]
  0x0000000019948800 JavaThread "C2 CompilerThread0" daemon [_thread_blocked, id=18700, stack(0x000000001a130000,0x000000001a230000)]
  0x0000000019946800 JavaThread "Attach Listener" daemon [_thread_blocked, id=19096, stack(0x000000001a030000,0x000000001a130000)]
  0x0000000019945800 JavaThread "Signal Dispatcher" daemon [_thread_blocked, id=19620, stack(0x0000000019f30000,0x000000001a030000)]
  0x0000000019940800 JavaThread "Finalizer" daemon [_thread_blocked, id=19252, stack(0x0000000019d20000,0x0000000019e20000)]
  0x0000000002ad7000 JavaThread "Reference Handler" daemon [_thread_blocked, id=3152, stack(0x0000000019820000,0x0000000019920000)]

Other Threads:
  0x0000000017a48000 VMThread [stack: 0x0000000019720000,0x0000000019820000] [id=19004]
  0x0000000019974800 WatcherThread [stack: 0x000000001a630000,0x000000001a730000] [id=5204]

VM state:not at safepoint (normal execution)

VM Mutex/Monitor currently owned by a thread: None

Heap:
 PSYoungGen      total 38400K, used 20993K [0x00000000d5f80000, 0x00000000d8a00000, 0x0000000100000000)
  eden space 33280K, 63% used [0x00000000d5f80000,0x00000000d74004e8,0x00000000d8000000)
  from space 5120K, 0% used [0x00000000d8500000,0x00000000d8500000,0x00000000d8a00000)
  to   space 5120K, 0% used [0x00000000d8000000,0x00000000d8000000,0x00000000d8500000)
 ParOldGen       total 87552K, used 0K [0x0000000081e00000, 0x0000000087380000, 0x00000000d5f80000)
  object space 87552K, 0% used [0x0000000081e00000,0x0000000081e00000,0x0000000087380000)
 Metaspace       used 8358K, capacity 8441K, committed 8704K, reserved 1056768K
  class space    used 721K, capacity 753K, committed 768K, reserved 1048576K

Card table byte_map: [0x0000000011ea0000,0x00000000122a0000] byte_map_base: 0x0000000011a91000

Marking Bits: (ParMarkBitMap*) 0x0000000055389d00
 Begin Bits: [0x0000000012d50000, 0x0000000014cd8000)
 End Bits:   [0x0000000014cd8000, 0x0000000016c60000)

Polling page: 0x0000000000fc0000

CodeCache: size=245760Kb used=5074Kb max_used=5086Kb free=240685Kb
 bounds [0x0000000002ae0000, 0x0000000002fe0000, 0x0000000011ae0000]
 total_blobs=1576 nmethods=1079 adapters=411
 compilation: enabled

Compilation events (10 events):
Event: 23.699 Thread 0x000000001994b800 1075       4       com.badlogic.gdx.graphics.g2d.Sprite::translate (95 bytes)
Event: 23.702 Thread 0x000000001994b800 nmethod 1075 0x0000000002fb1390 code [0x0000000002fb14c0, 0x0000000002fb15b8]
Event: 23.833 Thread 0x0000000019951800 1076       4       com.badlogic.gdx.graphics.g2d.BitmapFontCache::addToCache (323 bytes)
Event: 23.860 Thread 0x0000000019951800 nmethod 1076 0x0000000002fd7e90 code [0x0000000002fd8080, 0x0000000002fd8c18]
Event: 24.400 Thread 0x0000000019948800 1077       4       com.badlogic.gdx.backends.lwjgl.LwjglGL20::glBindBuffer (6 bytes)
Event: 24.410 Thread 0x0000000019948800 nmethod 1077 0x0000000002fb3ed0 code [0x0000000002fb4040, 0x0000000002fb4378]
Event: 24.415 Thread 0x0000000019955800 1078       1       org.lwjgl.opengl.Display::wasResized (4 bytes)
Event: 24.416 Thread 0x0000000019955800 nmethod 1078 0x0000000002fa9050 code [0x0000000002fa91a0, 0x0000000002fa9290]
Event: 25.433 Thread 0x000000001994b800 1079       4       com.badlogic.gdx.graphics.glutils.ShaderProgram::fetchUniformLocation (90 bytes)
Event: 25.446 Thread 0x000000001994b800 nmethod 1079 0x0000000002fb3650 code [0x0000000002fb37a0, 0x0000000002fb3b98]

GC Heap History (0 events):
No events

Deoptimization events (5 events):
Event: 0.840 Thread 0x000000001acee800 Uncommon trap: reason=unstable_if action=reinterpret pc=0x0000000002c4d31c method=sun.nio.cs.UTF_8$Encoder.encode([CII[B)I @ 33
Event: 0.840 Thread 0x000000001acee800 Uncommon trap: reason=unstable_if action=reinterpret pc=0x0000000002d21a90 method=sun.net.www.ParseUtil.encodePath(Ljava/lang/String;Z)Ljava/lang/String; @ 81
Event: 21.748 Thread 0x000000001acee800 Uncommon trap: reason=unstable_if action=reinterpret pc=0x0000000002faddcc method=org.lwjgl.opengl.Sync.sync(I)V @ 30
Event: 23.283 Thread 0x000000001acee800 Uncommon trap: reason=unstable_if action=reinterpret pc=0x0000000002f6db1c method=items.Flèches.représentationFlèches(Lcom/mygdx/game/GameMain;)V @ 18
Event: 23.299 Thread 0x000000001acee800 Uncommon trap: reason=unstable_if action=reinterpret pc=0x0000000002f6f55c method=items.Flèches.déplacement(Lcharacters/MainCharacter;)V @ 18

Internal exceptions (10 events):
Event: 0.127 Thread 0x00000000029e2800 Exception <a 'java/security/PrivilegedActionException'> (0x00000000d62f88f0) thrown at [C:\src\android\AOSP-openjdk\external\jetbrains\jdk\hotspot\src\share\vm\prims\jvm.cpp, line 1386]
Event: 0.127 Thread 0x00000000029e2800 Exception <a 'java/security/PrivilegedActionException'> (0x00000000d62f96e8) thrown at [C:\src\android\AOSP-openjdk\external\jetbrains\jdk\hotspot\src\share\vm\prims\jvm.cpp, line 1386]
Event: 0.127 Thread 0x00000000029e2800 Exception <a 'java/security/PrivilegedActionException'> (0x00000000d62f98f8) thrown at [C:\src\android\AOSP-openjdk\external\jetbrains\jdk\hotspot\src\share\vm\prims\jvm.cpp, line 1386]
Event: 0.290 Thread 0x00000000029e2800 Exception <a 'java/security/PrivilegedActionException'> (0x00000000d6512250) thrown at [C:\src\android\AOSP-openjdk\external\jetbrains\jdk\hotspot\src\share\vm\prims\jvm.cpp, line 1386]
Event: 0.290 Thread 0x00000000029e2800 Exception <a 'java/security/PrivilegedActionException'> (0x00000000d6513f28) thrown at [C:\src\android\AOSP-openjdk\external\jetbrains\jdk\hotspot\src\share\vm\prims\jvm.cpp, line 1386]
Event: 0.290 Thread 0x00000000029e2800 Exception <a 'java/security/PrivilegedActionException'> (0x00000000d6515098) thrown at [C:\src\android\AOSP-openjdk\external\jetbrains\jdk\hotspot\src\share\vm\prims\jvm.cpp, line 1386]
Event: 0.291 Thread 0x00000000029e2800 Exception <a 'java/security/PrivilegedActionException'> (0x00000000d651a200) thrown at [C:\src\android\AOSP-openjdk\external\jetbrains\jdk\hotspot\src\share\vm\prims\jvm.cpp, line 1386]
Event: 0.291 Thread 0x00000000029e2800 Exception <a 'java/security/PrivilegedActionException'> (0x00000000d651ae58) thrown at [C:\src\android\AOSP-openjdk\external\jetbrains\jdk\hotspot\src\share\vm\prims\jvm.cpp, line 1386]
Event: 0.291 Thread 0x00000000029e2800 Exception <a 'java/security/PrivilegedActionException'> (0x00000000d651ba80) thrown at [C:\src\android\AOSP-openjdk\external\jetbrains\jdk\hotspot\src\share\vm\prims\jvm.cpp, line 1386]
Event: 0.705 Thread 0x000000001acee800 Exception <a 'java/lang/NoSuchMethodError': <clinit>> (0x00000000d6c59808) thrown at [C:\src\android\AOSP-openjdk\external\jetbrains\jdk\hotspot\src\share\vm\prims\jni.cpp, line 1591]

Events (10 events):
Event: 21.748 Thread 0x000000001acee800 DEOPT PACKING pc=0x0000000002faddcc sp=0x000000001bb2ee50
Event: 21.748 Thread 0x000000001acee800 DEOPT UNPACKING pc=0x0000000002b2556a sp=0x000000001bb2ede0 mode 2
Event: 23.215 Thread 0x000000001acee800 DEOPT PACKING pc=0x0000000002fac5af sp=0x000000001bb2ed50
Event: 23.215 Thread 0x000000001acee800 DEOPT UNPACKING pc=0x0000000002b275bf sp=0x000000001bb2eb58 mode 0
Event: 23.283 Thread 0x000000001acee800 Uncommon trap: trap_request=0xffffff65 fr.pc=0x0000000002f6db1c
Event: 23.283 Thread 0x000000001acee800 DEOPT PACKING pc=0x0000000002f6db1c sp=0x000000001bb2ec80
Event: 23.283 Thread 0x000000001acee800 DEOPT UNPACKING pc=0x0000000002b2556a sp=0x000000001bb2ec18 mode 2
Event: 23.299 Thread 0x000000001acee800 Uncommon trap: trap_request=0xffffff65 fr.pc=0x0000000002f6f55c
Event: 23.299 Thread 0x000000001acee800 DEOPT PACKING pc=0x0000000002f6f55c sp=0x000000001bb2ea30
Event: 23.299 Thread 0x000000001acee800 DEOPT UNPACKING pc=0x0000000002b2556a sp=0x000000001bb2e9c0 mode 2


Dynamic libraries:
0x00007ff63af20000 - 0x00007ff63af51000 	D:\Android\Studio\jre\bin\java.exe
0x00007ffb7ac90000 - 0x00007ffb7ae61000 	C:\WINDOWS\SYSTEM32\ntdll.dll
0x00007ffb786c0000 - 0x00007ffb7876b000 	C:\WINDOWS\System32\KERNEL32.DLL
0x00007ffb5ec60000 - 0x00007ffb5ec93000 	C:\Program Files\AVAST Software\Avast\x64\aswhooka.dll
0x00007ffb776b0000 - 0x00007ffb778cd000 	C:\WINDOWS\System32\KERNELBASE.dll
0x00007ffb79570000 - 0x00007ffb79612000 	C:\WINDOWS\System32\ADVAPI32.dll
0x00007ffb78560000 - 0x00007ffb785fe000 	C:\WINDOWS\System32\msvcrt.dll
0x00007ffb78500000 - 0x00007ffb78559000 	C:\WINDOWS\System32\sechost.dll
0x00007ffb78e20000 - 0x00007ffb78f41000 	C:\WINDOWS\System32\RPCRT4.dll
0x00007ffb78290000 - 0x00007ffb783f5000 	C:\WINDOWS\System32\USER32.dll
0x00007ffb778d0000 - 0x00007ffb778ee000 	C:\WINDOWS\System32\win32u.dll
0x00007ffb78f80000 - 0x00007ffb78fb4000 	C:\WINDOWS\System32\GDI32.dll
0x00007ffb772a0000 - 0x00007ffb77422000 	C:\WINDOWS\System32\gdi32full.dll
0x00007ffb6ba50000 - 0x00007ffb6bcca000 	C:\WINDOWS\WinSxS\amd64_microsoft.windows.common-controls_6595b64144ccf1df_6.0.14393.953_none_42151e83c686086b\COMCTL32.dll
0x00007ffb79020000 - 0x00007ffb792e8000 	C:\WINDOWS\System32\combase.dll
0x00007ffb779f0000 - 0x00007ffb77ae5000 	C:\WINDOWS\System32\ucrtbase.dll
0x00007ffb77180000 - 0x00007ffb771ea000 	C:\WINDOWS\System32\bcryptPrimitives.dll
0x00007ffb78f50000 - 0x00007ffb78f7e000 	C:\WINDOWS\System32\IMM32.DLL
0x0000000058f40000 - 0x0000000059012000 	D:\Android\Studio\jre\jre\bin\msvcr100.dll
0x0000000054bd0000 - 0x0000000055404000 	D:\Android\Studio\jre\jre\bin\server\jvm.dll
0x00007ffb79620000 - 0x00007ffb79628000 	C:\WINDOWS\System32\PSAPI.DLL
0x00007ffb64750000 - 0x00007ffb64759000 	C:\WINDOWS\SYSTEM32\WSOCK32.dll
0x00007ffb79500000 - 0x00007ffb7956a000 	C:\WINDOWS\System32\WS2_32.dll
0x00007ffb74d90000 - 0x00007ffb74db3000 	C:\WINDOWS\SYSTEM32\WINMM.dll
0x00007ffb680f0000 - 0x00007ffb680fa000 	C:\WINDOWS\SYSTEM32\VERSION.dll
0x00007ffb74c60000 - 0x00007ffb74c8b000 	C:\WINDOWS\SYSTEM32\WINMMBASE.dll
0x00007ffb77af0000 - 0x00007ffb77b32000 	C:\WINDOWS\System32\cfgmgr32.dll
0x00007ffb641d0000 - 0x00007ffb641df000 	D:\Android\Studio\jre\jre\bin\verify.dll
0x00007ffb4d2b0000 - 0x00007ffb4d2d9000 	D:\Android\Studio\jre\jre\bin\java.dll
0x00007ffb61b70000 - 0x00007ffb61b86000 	D:\Android\Studio\jre\jre\bin\zip.dll
0x00007ffb79640000 - 0x00007ffb7ab49000 	C:\WINDOWS\System32\SHELL32.dll
0x00007ffb77b40000 - 0x00007ffb7821a000 	C:\WINDOWS\System32\windows.storage.dll
0x00007ffb770f0000 - 0x00007ffb7713c000 	C:\WINDOWS\System32\powrprof.dll
0x00007ffb78dc0000 - 0x00007ffb78e12000 	C:\WINDOWS\System32\shlwapi.dll
0x00007ffb77140000 - 0x00007ffb7714f000 	C:\WINDOWS\System32\kernel.appcore.dll
0x00007ffb771f0000 - 0x00007ffb77299000 	C:\WINDOWS\System32\shcore.dll
0x00007ffb77150000 - 0x00007ffb77164000 	C:\WINDOWS\System32\profapi.dll
0x00007ffb74ea0000 - 0x00007ffb74eaf000 	D:\Android\Studio\bin\breakgen64.dll
0x00007ffb5eca0000 - 0x00007ffb5ecba000 	D:\Android\Studio\jre\jre\bin\net.dll
0x00007ffb769c0000 - 0x00007ffb76a1c000 	C:\WINDOWS\system32\mswsock.dll
0x0000000065580000 - 0x0000000065616000 	C:\Users\arnOo\AppData\Local\Temp\libgdxarnOo\a9daadd6\gdx64.dll
0x00007ffb76b60000 - 0x00007ffb76b77000 	C:\WINDOWS\SYSTEM32\CRYPTSP.dll
0x00007ffb765c0000 - 0x00007ffb765f3000 	C:\WINDOWS\system32\rsaenh.dll
0x00007ffb77030000 - 0x00007ffb7705b000 	C:\WINDOWS\SYSTEM32\bcrypt.dll
0x00007ffb76840000 - 0x00007ffb7685f000 	C:\WINDOWS\SYSTEM32\USERENV.dll
0x00007ffb77020000 - 0x00007ffb7702b000 	C:\WINDOWS\SYSTEM32\CRYPTBASE.dll
0x00007ffb76740000 - 0x00007ffb76778000 	C:\WINDOWS\SYSTEM32\IPHLPAPI.DLL
0x00007ffb794f0000 - 0x00007ffb794f8000 	C:\WINDOWS\System32\NSI.dll
0x00007ffb70e10000 - 0x00007ffb70e26000 	C:\WINDOWS\SYSTEM32\dhcpcsvc6.DLL
0x00007ffb70c60000 - 0x00007ffb70c7a000 	C:\WINDOWS\SYSTEM32\dhcpcsvc.DLL
0x00007ffb5d700000 - 0x00007ffb5d711000 	D:\Android\Studio\jre\jre\bin\nio.dll
0x0000000180000000 - 0x0000000180053000 	C:\Users\arnOo\AppData\Local\Temp\libgdxarnOo\dc0f0009\lwjgl64.dll
0x00007ffb57c00000 - 0x00007ffb57d23000 	C:\WINDOWS\SYSTEM32\OPENGL32.dll
0x00007ffb57bd0000 - 0x00007ffb57bfd000 	C:\WINDOWS\SYSTEM32\GLU32.dll
0x00007ffb57ad0000 - 0x00007ffb57bc7000 	C:\WINDOWS\SYSTEM32\DDRAW.dll
0x00007ffb585f0000 - 0x00007ffb585f8000 	C:\WINDOWS\SYSTEM32\DCIMAN32.dll
0x000000001b3e0000 - 0x000000001b444000 	C:\Users\arnOo\AppData\Local\Temp\libgdxarnOo\dc0f0009\OpenAL64.dll
0x00007ffb7ab50000 - 0x00007ffb7ac87000 	C:\WINDOWS\System32\ole32.dll
0x00007ffb75870000 - 0x00007ffb75905000 	C:\WINDOWS\system32\uxtheme.dll
0x00007ffb78ba0000 - 0x00007ffb78c3f000 	C:\WINDOWS\System32\clbcatq.dll
0x00007ffb74620000 - 0x00007ffb747a5000 	C:\WINDOWS\System32\PROPSYS.dll
0x00007ffb78600000 - 0x00007ffb786bf000 	C:\WINDOWS\System32\OLEAUT32.dll
0x00007ffb778f0000 - 0x00007ffb7798c000 	C:\WINDOWS\System32\msvcp_win.dll
0x00007ffb3e9b0000 - 0x00007ffb3ea4b000 	C:\WINDOWS\SYSTEM32\dsound.dll
0x00007ffb732a0000 - 0x00007ffb73311000 	C:\WINDOWS\System32\MMDevApi.dll
0x00007ffb75db0000 - 0x00007ffb75dd8000 	C:\WINDOWS\System32\DEVOBJ.dll
0x00007ffb504f0000 - 0x00007ffb50584000 	C:\WINDOWS\SYSTEM32\AUDIOSES.DLL
0x00007ffb73aa0000 - 0x00007ffb73bd6000 	C:\WINDOWS\SYSTEM32\wintypes.dll
0x00007ffb78c40000 - 0x00007ffb78d9a000 	C:\WINDOWS\System32\MSCTF.dll
0x00007ffb748c0000 - 0x00007ffb748e6000 	C:\WINDOWS\system32\dwmapi.dll
0x00007ffb373c0000 - 0x00007ffb380cf000 	C:\WINDOWS\SYSTEM32\ig9icd64.dll
0x00007ffb6cc20000 - 0x00007ffb6da93000 	C:\WINDOWS\SYSTEM32\igc64.dll
0x00007ffb745e0000 - 0x00007ffb745f3000 	C:\WINDOWS\SYSTEM32\WTSAPI32.dll
0x00007ffb617c0000 - 0x00007ffb61851000 	C:\WINDOWS\SYSTEM32\mscms.dll
0x00007ffb66500000 - 0x00007ffb66542000 	C:\WINDOWS\SYSTEM32\icm32.dll
0x0000000066bc0000 - 0x0000000066c7b000 	C:\Users\arnOo\AppData\Local\Temp\libgdxarnOo\6812b6ed\gdx-box2d64.dll
0x00007ffb64420000 - 0x00007ffb645b2000 	C:\WINDOWS\SYSTEM32\dbghelp.dll

VM Arguments:
jvm_args: -Didea.launcher.port=7538 -Didea.launcher.bin.path=D:\Android\Studio\bin -Dfile.encoding=UTF-8 
java_command: com.intellij.rt.execution.application.AppMain com.mygdx.game.desktop.DesktopLauncher
java_class_path (initial): D:\Android\Studio\jre\jre\lib\charsets.jar;D:\Android\Studio\jre\jre\lib\ext\access-bridge-64.jar;D:\Android\Studio\jre\jre\lib\ext\cldrdata.jar;D:\Android\Studio\jre\jre\lib\ext\dnsns.jar;D:\Android\Studio\jre\jre\lib\ext\jaccess.jar;D:\Android\Studio\jre\jre\lib\ext\localedata.jar;D:\Android\Studio\jre\jre\lib\ext\nashorn.jar;D:\Android\Studio\jre\jre\lib\ext\sunec.jar;D:\Android\Studio\jre\jre\lib\ext\sunjce_provider.jar;D:\Android\Studio\jre\jre\lib\ext\sunmscapi.jar;D:\Android\Studio\jre\jre\lib\ext\sunpkcs11.jar;D:\Android\Studio\jre\jre\lib\ext\zipfs.jar;D:\Android\Studio\jre\jre\lib\jce.jar;D:\Android\Studio\jre\jre\lib\jsse.jar;D:\Android\Studio\jre\jre\lib\management-agent.jar;D:\Android\Studio\jre\jre\lib\resources.jar;D:\Android\Studio\jre\jre\lib\rt.jar;D:\Java\Jeu Git\Projet-Z\desktop\build\classes\main;D:\Java\Jeu Git\Projet-Z\core\build\classes\main;C:\Users\arnOo\.gradle\caches\modules-2\files-2.1\com.badlogicgames.gdx\gdx\1.9.5\dc65bb2f51828c58b1b2b3ac585357204d54ee5f\gdx-1.9.5.jar;C:\Users\arnOo\.gradle\caches\modules-2\files-2.1\com.badlogicgames.gdx\gdx-box2d\1.9.5\c8098219abfe00b849cc43d461b1105fea3a2944\gdx-box2d-1.9.5.jar;C:\Users\arnOo\.gradle\caches\modules-2\files-2.1\com.badlogicgames.gdx\gdx-freetype\1.9.5\71eba1332b3c2436d3b8e24296a0feb1c01d9e67\gdx-freetype-1.9.5.jar;D:\Java\Jeu Git\Projet-Z\core\build\libs\core-1.0.jar;C:\Users\arnOo\.gradle\caches\modules-2\files-2.1\com.badlogicgames.gdx\gdx-backend-lwjgl\1.9.5\ad5223b755809a92f44e7f6208f4af6a3b39dcc0\gdx-backend-lwjgl-1.9.5.jar;C:\Users\arnOo\.gradle\caches\modules-2\files-2.1\com.badlogicgames.gdx\gdx-platform\1.9.5\bc0c7ee7fca96eb3c691b5a87cf11fd4d9f1bab6\gdx-platform-1.9.5-natives-desktop.jar;C:\Users\arnOo\.gradle\caches\modules-2\files-2.1\com.badlogicgames.gdx\gdx-box2d-platform\1.9.5\949c188c91f775dd9f17725989dfc20e1be44f76\gdx-box2d-platform-1.9.5-natives-desktop.jar;C:\Users\arnOo\.gradle\caches\modules-2\files-2.1\com.badlogicgames.gdx\gdx-fre
Launcher Type: SUN_STANDARD

Environment Variables:
PATH=C:\ProgramData\Oracle\Java\javapath;C:\Program Files (x86)\Intel\iCLS Client\;C:\Program Files\Intel\iCLS Client\;C:\Windows\system32;C:\Windows;C:\Windows\System32\Wbem;C:\Windows\System32\WindowsPowerShell\v1.0\;C:\Program Files (x86)\NVIDIA Corporation\PhysX\Common;C:\Program Files (x86)\Intel\Intel(R) Management Engine Components\DAL;C:\Program Files\Intel\Intel(R) Management Engine Components\DAL;C:\Program Files (x86)\Intel\Intel(R) Management Engine Components\IPT;C:\Program Files\Intel\Intel(R) Management Engine Components\IPT;C:\Program Files\Intel\WiFi\bin\;C:\Program Files\Common Files\Intel\WirelessCommon\;C:\WINDOWS\system32;C:\WINDOWS;C:\WINDOWS\System32\Wbem;C:\WINDOWS\System32\WindowsPowerShell\v1.0\;D:\RIDE\Bin;C:\Users\arnOo\AppData\Local\Microsoft\WindowsApps;
USERNAME=arnOo
OS=Windows_NT
PROCESSOR_IDENTIFIER=Intel64 Family 6 Model 94 Stepping 3, GenuineIntel



---------------  S Y S T E M  ---------------

OS: Windows 10.0 , 64 bit Build 14393 (10.0.14393.0)

CPU:total 8 (4 cores per cpu, 2 threads per core) family 6 model 94 stepping 3, cmov, cx8, fxsr, mmx, sse, sse2, sse3, ssse3, sse4.1, sse4.2, popcnt, avx, avx2, aes, clmul, erms, rtm, 3dnowpref, lzcnt, ht, tsc, tscinvbit, bmi1, bmi2, adx

Memory: 4k page, physical 8264292k(2166680k free), swap 14555748k(3225752k free)

vm_info: OpenJDK 64-Bit Server VM (25.76-b03) for windows-amd64 JRE (1.8.0_76-release-b03), built on Jun 29 2016 19:09:20 by "ralucas" with MS VC++ 10.0 (VS2010)

time: Thu Apr 13 12:06:29 2017
elapsed time: 26 seconds (0d 0h 0m 26s)

